<?xml version='1.0' encoding='UTF-8'?>
<testsuite hostname="lo-XPS-15-9550" name="io.explicitly.service.ConnectionCounterTest" tests="4" errors="0" failures="0" skipped="0" time="0.077" timestamp="2019-10-30T16:17:35">
                     <properties>
[...]
</properties>
                     <testcase classname="io.explicitly.service.ConnectionCounterTest" name="A Connection Counter When given a large resultset should return the correct first and second degree counts for a user" time="0.074">
                                                 
                                               </testcase><testcase classname="io.explicitly.service.ConnectionCounterTest" name="A Connection Counter When given a large resultset should return the correct first and second degree counts for a user with minimal data" time="0.001">
                                                 
                                               </testcase><testcase classname="io.explicitly.service.ConnectionCounterTest" name="A Connection Counter When given a large resultset should return the correct first and second degree counts for a user with only people data" time="0.001">
                                                 
                                               </testcase><testcase classname="io.explicitly.service.ConnectionCounterTest" name="A Connection Counter When given a large resultset should return the correct first and second degree counts for a user with only relationship data" time="0.001">
                                                 
                                               </testcase>
                     <system-out><![CDATA[]]></system-out>
                     <system-err><![CDATA[]]></system-err>
                   </testsuite>